[2026-03-30T19:21:46.989Z] {"timestamp":1774898504744,"kind":"scroll","url":"https://3000-i71eusj28bqyixy666wha-ade0715d.us2.manus.computer/?from_webdev=1","viewport":{"width":759,"height":859},"payload":{"scrollX":0,"scrollY":0.6666666865348816,"documentHeight":5592,"viewportHeight":859}}
[2026-03-30T19:21:46.989Z] {"timestamp":1774898505244,"kind":"scroll","url":"https://3000-i71eusj28bqyixy666wha-ade0715d.us2.manus.computer/?from_webdev=1","viewport":{"width":759,"height":859},"payload":{"scrollX":0,"scrollY":242,"documentHeight":5592,"viewportHeight":859}}
[2026-03-30T19:21:46.989Z] {"timestamp":1774898505798,"kind":"scroll","url":"https://3000-i71eusj28bqyixy666wha-ade0715d.us2.manus.computer/?from_webdev=1","viewport":{"width":759,"height":859},"payload":{"scrollX":0,"scrollY":284.6666564941406,"documentHeight":5592,"viewportHeight":859}}
[2026-03-30T19:21:49.006Z] {"timestamp":1774898506304,"kind":"scroll","url":"https://3000-i71eusj28bqyixy666wha-ade0715d.us2.manus.computer/?from_webdev=1","viewport":{"width":759,"height":859},"payload":{"scrollX":0,"scrollY":382,"documentHeight":5592,"viewportHeight":859}}
[2026-03-30T19:21:49.006Z] {"timestamp":1774898506927,"kind":"scroll","url":"https://3000-i71eusj28bqyixy666wha-ade0715d.us2.manus.computer/?from_webdev=1","viewport":{"width":759,"height":859},"payload":{"scrollX":0,"scrollY":407.3333435058594,"documentHeight":5592,"viewportHeight":859}}
[2026-03-30T19:21:49.006Z] {"timestamp":1774898507430,"kind":"scroll","url":"https://3000-i71eusj28bqyixy666wha-ade0715d.us2.manus.computer/?from_webdev=1","viewport":{"width":759,"height":859},"payload":{"scrollX":0,"scrollY":650.6666870117188,"documentHeight":5592,"viewportHeight":859}}
[2026-03-30T19:21:49.006Z] {"timestamp":1774898507935,"kind":"scroll","url":"https://3000-i71eusj28bqyixy666wha-ade0715d.us2.manus.computer/?from_webdev=1","viewport":{"width":759,"height":859},"payload":{"scrollX":0,"scrollY":683.3333129882812,"documentHeight":5592,"viewportHeight":859}}
[2026-03-30T19:21:50.989Z] {"timestamp":1774898508794,"kind":"scroll","url":"https://3000-i71eusj28bqyixy666wha-ade0715d.us2.manus.computer/?from_webdev=1","viewport":{"width":759,"height":859},"payload":{"scrollX":0,"scrollY":768,"documentHeight":5592,"viewportHeight":859}}
[2026-03-30T19:21:50.989Z] {"timestamp":1774898509294,"kind":"scroll","url":"https://3000-i71eusj28bqyixy666wha-ade0715d.us2.manus.computer/?from_webdev=1","viewport":{"width":759,"height":859},"payload":{"scrollX":0,"scrollY":1008.6666870117188,"documentHeight":5592,"viewportHeight":859}}
[2026-03-30T19:21:56.989Z] {"timestamp":1774898515402,"kind":"scroll","url":"https://3000-i71eusj28bqyixy666wha-ade0715d.us2.manus.computer/?from_webdev=1","viewport":{"width":759,"height":859},"payload":{"scrollX":0,"scrollY":1029.3333740234375,"documentHeight":5592,"viewportHeight":859}}
[2026-03-30T19:21:56.989Z] {"timestamp":1774898515902,"kind":"scroll","url":"https://3000-i71eusj28bqyixy666wha-ade0715d.us2.manus.computer/?from_webdev=1","viewport":{"width":759,"height":859},"payload":{"scrollX":0,"scrollY":1216,"documentHeight":5592,"viewportHeight":859}}
[2026-03-30T19:21:58.999Z] {"timestamp":1774898516405,"kind":"scroll","url":"https://3000-i71eusj28bqyixy666wha-ade0715d.us2.manus.computer/?from_webdev=1","viewport":{"width":759,"height":859},"payload":{"scrollX":0,"scrollY":1415.3333740234375,"documentHeight":5592,"viewportHeight":859}}
[2026-03-30T19:21:58.999Z] {"timestamp":1774898517027,"kind":"scroll","url":"https://3000-i71eusj28bqyixy666wha-ade0715d.us2.manus.computer/?from_webdev=1","viewport":{"width":759,"height":859},"payload":{"scrollX":0,"scrollY":1431.3333740234375,"documentHeight":5592,"viewportHeight":859}}
[2026-03-30T19:21:58.999Z] {"timestamp":1774898517529,"kind":"scroll","url":"https://3000-i71eusj28bqyixy666wha-ade0715d.us2.manus.computer/?from_webdev=1","viewport":{"width":759,"height":859},"payload":{"scrollX":0,"scrollY":1786.6666259765625,"documentHeight":5592,"viewportHeight":859}}
[2026-03-30T19:22:01.003Z] {"timestamp":1774898518252,"kind":"scroll","url":"https://3000-i71eusj28bqyixy666wha-ade0715d.us2.manus.computer/?from_webdev=1","viewport":{"width":759,"height":859},"payload":{"scrollX":0,"scrollY":1874.6666259765625,"documentHeight":5592,"viewportHeight":859}}
[2026-03-30T19:22:01.003Z] {"timestamp":1774898518752,"kind":"scroll","url":"https://3000-i71eusj28bqyixy666wha-ade0715d.us2.manus.computer/?from_webdev=1","viewport":{"width":759,"height":859},"payload":{"scrollX":0,"scrollY":2178,"documentHeight":5592,"viewportHeight":859}}
[2026-03-30T19:22:05.001Z] {"timestamp":1774898522110,"kind":"scroll","url":"https://3000-i71eusj28bqyixy666wha-ade0715d.us2.manus.computer/?from_webdev=1","viewport":{"width":759,"height":859},"payload":{"scrollX":0,"scrollY":2240.666748046875,"documentHeight":5592,"viewportHeight":859}}
[2026-03-30T19:22:05.001Z] {"timestamp":1774898522611,"kind":"scroll","url":"https://3000-i71eusj28bqyixy666wha-ade0715d.us2.manus.computer/?from_webdev=1","viewport":{"width":759,"height":859},"payload":{"scrollX":0,"scrollY":2494,"documentHeight":5592,"viewportHeight":859}}
[2026-03-30T19:22:05.001Z] {"timestamp":1774898523119,"kind":"scroll","url":"https://3000-i71eusj28bqyixy666wha-ade0715d.us2.manus.computer/?from_webdev=1","viewport":{"width":759,"height":859},"payload":{"scrollX":0,"scrollY":2548.666748046875,"documentHeight":5592,"viewportHeight":859}}
[2026-03-30T19:22:05.001Z] {"timestamp":1774898523630,"kind":"scroll","url":"https://3000-i71eusj28bqyixy666wha-ade0715d.us2.manus.computer/?from_webdev=1","viewport":{"width":759,"height":859},"payload":{"scrollX":0,"scrollY":2628.666748046875,"documentHeight":5592,"viewportHeight":859}}
[2026-03-30T19:22:06.997Z] {"timestamp":1774898525794,"kind":"scroll","url":"https://3000-i71eusj28bqyixy666wha-ade0715d.us2.manus.computer/?from_webdev=1","viewport":{"width":759,"height":859},"payload":{"scrollX":0,"scrollY":2630,"documentHeight":5592,"viewportHeight":859}}
[2026-03-30T19:22:09.002Z] {"timestamp":1774898526321,"kind":"scroll","url":"https://3000-i71eusj28bqyixy666wha-ade0715d.us2.manus.computer/?from_webdev=1","viewport":{"width":759,"height":859},"payload":{"scrollX":0,"scrollY":2700,"documentHeight":5592,"viewportHeight":859}}
[2026-03-30T19:22:09.002Z] {"timestamp":1774898526896,"kind":"scroll","url":"https://3000-i71eusj28bqyixy666wha-ade0715d.us2.manus.computer/?from_webdev=1","viewport":{"width":759,"height":859},"payload":{"scrollX":0,"scrollY":2701.333251953125,"documentHeight":5592,"viewportHeight":859}}
[2026-03-30T19:22:11.001Z] {"timestamp":1774898528680,"kind":"scroll","url":"https://3000-i71eusj28bqyixy666wha-ade0715d.us2.manus.computer/?from_webdev=1","viewport":{"width":759,"height":859},"payload":{"scrollX":0,"scrollY":2703.333251953125,"documentHeight":5592,"viewportHeight":859}}
[2026-03-30T19:22:11.001Z] {"timestamp":1774898529255,"kind":"scroll","url":"https://3000-i71eusj28bqyixy666wha-ade0715d.us2.manus.computer/?from_webdev=1","viewport":{"width":759,"height":859},"payload":{"scrollX":0,"scrollY":2706,"documentHeight":5592,"viewportHeight":859}}
[2026-03-30T19:22:11.001Z] {"timestamp":1774898529760,"kind":"scroll","url":"https://3000-i71eusj28bqyixy666wha-ade0715d.us2.manus.computer/?from_webdev=1","viewport":{"width":759,"height":859},"payload":{"scrollX":0,"scrollY":2863.333251953125,"documentHeight":5592,"viewportHeight":859}}
[2026-03-30T19:22:12.999Z] {"timestamp":1774898530694,"kind":"scroll","url":"https://3000-i71eusj28bqyixy666wha-ade0715d.us2.manus.computer/?from_webdev=1","viewport":{"width":759,"height":859},"payload":{"scrollX":0,"scrollY":3102.666748046875,"documentHeight":5592,"viewportHeight":859}}
[2026-03-30T19:22:12.999Z] {"timestamp":1774898531206,"kind":"scroll","url":"https://3000-i71eusj28bqyixy666wha-ade0715d.us2.manus.computer/?from_webdev=1","viewport":{"width":759,"height":859},"payload":{"scrollX":0,"scrollY":3396.666748046875,"documentHeight":5592,"viewportHeight":859}}
[2026-03-30T19:22:12.999Z] {"timestamp":1774898531710,"kind":"scroll","url":"https://3000-i71eusj28bqyixy666wha-ade0715d.us2.manus.computer/?from_webdev=1","viewport":{"width":759,"height":859},"payload":{"scrollX":0,"scrollY":3444.666748046875,"documentHeight":5592,"viewportHeight":859}}
[2026-03-30T19:22:14.990Z] {"timestamp":1774898532402,"kind":"scroll","url":"https://3000-i71eusj28bqyixy666wha-ade0715d.us2.manus.computer/?from_webdev=1","viewport":{"width":759,"height":859},"payload":{"scrollX":0,"scrollY":3460.666748046875,"documentHeight":5592,"viewportHeight":859}}
[2026-03-30T19:22:14.990Z] {"timestamp":1774898532904,"kind":"scroll","url":"https://3000-i71eusj28bqyixy666wha-ade0715d.us2.manus.computer/?from_webdev=1","viewport":{"width":759,"height":859},"payload":{"scrollX":0,"scrollY":3877.333251953125,"documentHeight":5592,"viewportHeight":859}}
[2026-03-30T19:22:14.990Z] {"timestamp":1774898533669,"kind":"scroll","url":"https://3000-i71eusj28bqyixy666wha-ade0715d.us2.manus.computer/?from_webdev=1","viewport":{"width":759,"height":859},"payload":{"scrollX":0,"scrollY":3933.333251953125,"documentHeight":5592,"viewportHeight":859}}
[2026-03-30T19:22:16.997Z] {"timestamp":1774898534169,"kind":"scroll","url":"https://3000-i71eusj28bqyixy666wha-ade0715d.us2.manus.computer/?from_webdev=1","viewport":{"width":759,"height":859},"payload":{"scrollX":0,"scrollY":4524,"documentHeight":5592,"viewportHeight":859}}
[2026-03-30T19:22:16.997Z] {"timestamp":1774898535102,"kind":"scroll","url":"https://3000-i71eusj28bqyixy666wha-ade0715d.us2.manus.computer/?from_webdev=1","viewport":{"width":759,"height":859},"payload":{"scrollX":0,"scrollY":4552,"documentHeight":5592,"viewportHeight":859}}
[2026-03-30T19:22:50.993Z] {"timestamp":1774898568343,"kind":"scroll","url":"https://3000-i71eusj28bqyixy666wha-ade0715d.us2.manus.computer/?from_webdev=1","viewport":{"width":759,"height":859},"payload":{"scrollX":0,"scrollY":4732,"documentHeight":5592,"viewportHeight":859}}
[2026-03-30T19:22:50.993Z] {"timestamp":1774898568846,"kind":"scroll","url":"https://3000-i71eusj28bqyixy666wha-ade0715d.us2.manus.computer/?from_webdev=1","viewport":{"width":759,"height":859},"payload":{"scrollX":0,"scrollY":4128,"documentHeight":5592,"viewportHeight":859}}
[2026-03-30T19:22:50.993Z] {"timestamp":1774898569347,"kind":"scroll","url":"https://3000-i71eusj28bqyixy666wha-ade0715d.us2.manus.computer/?from_webdev=1","viewport":{"width":759,"height":859},"payload":{"scrollX":0,"scrollY":3948,"documentHeight":5592,"viewportHeight":859}}
[2026-03-30T19:22:50.993Z] {"timestamp":1774898569935,"kind":"scroll","url":"https://3000-i71eusj28bqyixy666wha-ade0715d.us2.manus.computer/?from_webdev=1","viewport":{"width":759,"height":859},"payload":{"scrollX":0,"scrollY":3385.333251953125,"documentHeight":5592,"viewportHeight":859}}
[2026-03-30T19:22:52.999Z] {"timestamp":1774898571135,"kind":"scroll","url":"https://3000-i71eusj28bqyixy666wha-ade0715d.us2.manus.computer/?from_webdev=1","viewport":{"width":759,"height":859},"payload":{"scrollX":0,"scrollY":2670.666748046875,"documentHeight":5592,"viewportHeight":859}}
[2026-03-30T19:22:52.999Z] {"timestamp":1774898571638,"kind":"scroll","url":"https://3000-i71eusj28bqyixy666wha-ade0715d.us2.manus.computer/?from_webdev=1","viewport":{"width":759,"height":859},"payload":{"scrollX":0,"scrollY":2047.3333740234375,"documentHeight":5592,"viewportHeight":859}}
[2026-03-30T19:22:55.000Z] {"timestamp":1774898572144,"kind":"scroll","url":"https://3000-i71eusj28bqyixy666wha-ade0715d.us2.manus.computer/?from_webdev=1","viewport":{"width":759,"height":859},"payload":{"scrollX":0,"scrollY":1748,"documentHeight":5592,"viewportHeight":859}}
[2026-03-30T19:22:55.000Z] {"timestamp":1774898572727,"kind":"scroll","url":"https://3000-i71eusj28bqyixy666wha-ade0715d.us2.manus.computer/?from_webdev=1","viewport":{"width":759,"height":859},"payload":{"scrollX":0,"scrollY":1282,"documentHeight":5592,"viewportHeight":859}}
[2026-03-30T19:22:55.000Z] {"timestamp":1774898573246,"kind":"scroll","url":"https://3000-i71eusj28bqyixy666wha-ade0715d.us2.manus.computer/?from_webdev=1","viewport":{"width":759,"height":859},"payload":{"scrollX":0,"scrollY":1088,"documentHeight":5592,"viewportHeight":859}}
[2026-03-30T19:22:55.000Z] {"timestamp":1774898573746,"kind":"scroll","url":"https://3000-i71eusj28bqyixy666wha-ade0715d.us2.manus.computer/?from_webdev=1","viewport":{"width":759,"height":859},"payload":{"scrollX":0,"scrollY":1064,"documentHeight":5592,"viewportHeight":859}}
[2026-03-30T19:22:57.004Z] {"timestamp":1774898574643,"kind":"scroll","url":"https://3000-i71eusj28bqyixy666wha-ade0715d.us2.manus.computer/?from_webdev=1","viewport":{"width":759,"height":859},"payload":{"scrollX":0,"scrollY":1042.6666259765625,"documentHeight":5592,"viewportHeight":859}}
[2026-03-30T19:22:57.004Z] {"timestamp":1774898575213,"kind":"scroll","url":"https://3000-i71eusj28bqyixy666wha-ade0715d.us2.manus.computer/?from_webdev=1","viewport":{"width":759,"height":859},"payload":{"scrollX":0,"scrollY":1146,"documentHeight":5592,"viewportHeight":859}}
[2026-03-30T19:22:58.999Z] {"timestamp":1774898576498,"kind":"scroll","url":"https://3000-i71eusj28bqyixy666wha-ade0715d.us2.manus.computer/?from_webdev=1","viewport":{"width":759,"height":859},"payload":{"scrollX":0,"scrollY":1145.3333740234375,"documentHeight":5592,"viewportHeight":859}}
[2026-03-30T19:22:58.999Z] {"timestamp":1774898577152,"kind":"scroll","url":"https://3000-i71eusj28bqyixy666wha-ade0715d.us2.manus.computer/?from_webdev=1","viewport":{"width":759,"height":859},"payload":{"scrollX":0,"scrollY":1128,"documentHeight":5592,"viewportHeight":859}}
[2026-03-30T19:22:58.999Z] {"timestamp":1774898577652,"kind":"scroll","url":"https://3000-i71eusj28bqyixy666wha-ade0715d.us2.manus.computer/?from_webdev=1","viewport":{"width":759,"height":859},"payload":{"scrollX":0,"scrollY":986,"documentHeight":5592,"viewportHeight":859}}
[2026-03-30T19:25:23.029Z] {"timestamp":1774898721819,"kind":"scroll","url":"https://3000-i71eusj28bqyixy666wha-ade0715d.us2.manus.computer/","viewport":{"width":1280,"height":1100},"payload":{"scrollX":0,"scrollY":2,"documentHeight":4166,"viewportHeight":1100}}
[2026-03-30T19:25:23.029Z] {"timestamp":1774898722323,"kind":"scroll","url":"https://3000-i71eusj28bqyixy666wha-ade0715d.us2.manus.computer/","viewport":{"width":1280,"height":1100},"payload":{"scrollX":0,"scrollY":1091,"documentHeight":4166,"viewportHeight":1100}}
[2026-03-30T19:26:02.990Z] {"timestamp":1774898761059,"kind":"scroll","url":"https://3000-i71eusj28bqyixy666wha-ade0715d.us2.manus.computer/?from_webdev=1","viewport":{"width":759,"height":859},"payload":{"scrollX":0,"scrollY":0,"documentHeight":859,"viewportHeight":859}}
[2026-03-30T19:27:32.673Z] {"timestamp":1774898852513,"kind":"scroll","url":"https://3000-i71eusj28bqyixy666wha-ade0715d.us2.manus.computer/","viewport":{"width":1280,"height":1100},"payload":{"scrollX":0,"scrollY":2,"documentHeight":4170,"viewportHeight":1100}}
[2026-03-30T19:27:34.673Z] {"timestamp":1774898853029,"kind":"scroll","url":"https://3000-i71eusj28bqyixy666wha-ade0715d.us2.manus.computer/","viewport":{"width":1280,"height":1100},"payload":{"scrollX":0,"scrollY":1097,"documentHeight":4170,"viewportHeight":1100}}
[2026-03-30T19:31:01.674Z] {"timestamp":1774899059989,"kind":"scroll","url":"https://3000-i71eusj28bqyixy666wha-ade0715d.us2.manus.computer/","viewport":{"width":1280,"height":1100},"payload":{"scrollX":0,"scrollY":2,"documentHeight":4170,"viewportHeight":1100}}
[2026-03-30T19:31:01.674Z] {"timestamp":1774899060505,"kind":"scroll","url":"https://3000-i71eusj28bqyixy666wha-ade0715d.us2.manus.computer/","viewport":{"width":1280,"height":1100},"payload":{"scrollX":0,"scrollY":1097,"documentHeight":4170,"viewportHeight":1100}}
[2026-03-30T19:31:07.684Z] {"timestamp":1774899066355,"kind":"scroll","url":"https://3000-i71eusj28bqyixy666wha-ade0715d.us2.manus.computer/","viewport":{"width":1280,"height":1100},"payload":{"scrollX":0,"scrollY":1102,"documentHeight":4170,"viewportHeight":1100}}
[2026-03-30T19:31:07.684Z] {"timestamp":1774899066855,"kind":"scroll","url":"https://3000-i71eusj28bqyixy666wha-ade0715d.us2.manus.computer/","viewport":{"width":1280,"height":1100},"payload":{"scrollX":0,"scrollY":2191,"documentHeight":4170,"viewportHeight":1100}}
[2026-03-30T19:31:12.708Z] {"timestamp":1774899072664,"kind":"focusin","url":"https://3000-i71eusj28bqyixy666wha-ade0715d.us2.manus.computer/","viewport":{"width":1280,"height":1100},"payload":{"target":{"tag":"a","id":null,"name":null,"type":null,"role":null,"ariaLabel":null,"testId":null,"dataLoc":"client/src/components/Navbar.tsx:73","href":"tel:9136018371","text":"(913) 601-8371","selectorHint":"[data-loc=\"client/src/components/Navbar.tsx:73\"]"}}}
[2026-03-30T19:31:12.708Z] {"timestamp":1774899072666,"kind":"click","url":"https://3000-i71eusj28bqyixy666wha-ade0715d.us2.manus.computer/","viewport":{"width":1280,"height":1100},"payload":{"target":{"tag":"a","id":null,"name":null,"type":null,"role":null,"ariaLabel":null,"testId":null,"dataLoc":"client/src/components/Navbar.tsx:73","href":"tel:9136018371","text":"(913) 601-8371","selectorHint":"[data-loc=\"client/src/components/Navbar.tsx:73\"]"},"x":1151,"y":40}}
[2026-03-30T19:31:13.676Z] {"timestamp":1774899072664,"kind":"focusin","url":"https://3000-i71eusj28bqyixy666wha-ade0715d.us2.manus.computer/","viewport":{"width":1280,"height":1100},"payload":{"target":{"tag":"a","id":null,"name":null,"type":null,"role":null,"ariaLabel":null,"testId":null,"dataLoc":"client/src/components/Navbar.tsx:73","href":"tel:9136018371","text":"(913) 601-8371","selectorHint":"[data-loc=\"client/src/components/Navbar.tsx:73\"]"}}}
[2026-03-30T19:31:13.676Z] {"timestamp":1774899072666,"kind":"click","url":"https://3000-i71eusj28bqyixy666wha-ade0715d.us2.manus.computer/","viewport":{"width":1280,"height":1100},"payload":{"target":{"tag":"a","id":null,"name":null,"type":null,"role":null,"ariaLabel":null,"testId":null,"dataLoc":"client/src/components/Navbar.tsx:73","href":"tel:9136018371","text":"(913) 601-8371","selectorHint":"[data-loc=\"client/src/components/Navbar.tsx:73\"]"},"x":1151,"y":40}}
[2026-03-30T19:31:13.676Z] {"timestamp":1774899072825,"kind":"focusout","url":"https://3000-i71eusj28bqyixy666wha-ade0715d.us2.manus.computer/","viewport":{"width":1280,"height":1100},"payload":{"target":{"tag":"a","id":null,"name":null,"type":null,"role":null,"ariaLabel":null,"testId":null,"dataLoc":"client/src/components/Navbar.tsx:73","href":"tel:9136018371","text":"(913) 601-8371","selectorHint":"[data-loc=\"client/src/components/Navbar.tsx:73\"]"},"value":null}}
[2026-03-30T19:31:44.236Z] {"timestamp":1774899102509,"kind":"scroll","url":"https://3000-i71eusj28bqyixy666wha-ade0715d.us2.manus.computer/?from_webdev=1","viewport":{"width":759,"height":859},"payload":{"scrollX":0,"scrollY":0.6666666865348816,"documentHeight":5596,"viewportHeight":859}}
[2026-03-30T19:31:44.237Z] {"timestamp":1774899103018,"kind":"scroll","url":"https://3000-i71eusj28bqyixy666wha-ade0715d.us2.manus.computer/?from_webdev=1","viewport":{"width":759,"height":859},"payload":{"scrollX":0,"scrollY":477.3333435058594,"documentHeight":5596,"viewportHeight":859}}
[2026-03-30T19:31:46.233Z] {"timestamp":1774899103817,"kind":"scroll","url":"https://3000-i71eusj28bqyixy666wha-ade0715d.us2.manus.computer/?from_webdev=1","viewport":{"width":759,"height":859},"payload":{"scrollX":0,"scrollY":496.6666564941406,"documentHeight":5596,"viewportHeight":859}}
[2026-03-30T19:31:46.233Z] {"timestamp":1774899104319,"kind":"scroll","url":"https://3000-i71eusj28bqyixy666wha-ade0715d.us2.manus.computer/?from_webdev=1","viewport":{"width":759,"height":859},"payload":{"scrollX":0,"scrollY":707.3333129882812,"documentHeight":5596,"viewportHeight":859}}
[2026-03-30T19:31:46.233Z] {"timestamp":1774899104819,"kind":"scroll","url":"https://3000-i71eusj28bqyixy666wha-ade0715d.us2.manus.computer/?from_webdev=1","viewport":{"width":759,"height":859},"payload":{"scrollX":0,"scrollY":808.6666870117188,"documentHeight":5596,"viewportHeight":859}}
[2026-03-30T19:31:48.243Z] {"timestamp":1774899105678,"kind":"scroll","url":"https://3000-i71eusj28bqyixy666wha-ade0715d.us2.manus.computer/?from_webdev=1","viewport":{"width":759,"height":859},"payload":{"scrollX":0,"scrollY":878,"documentHeight":5596,"viewportHeight":859}}
[2026-03-30T19:31:48.243Z] {"timestamp":1774899106184,"kind":"scroll","url":"https://3000-i71eusj28bqyixy666wha-ade0715d.us2.manus.computer/?from_webdev=1","viewport":{"width":759,"height":859},"payload":{"scrollX":0,"scrollY":1055.3333740234375,"documentHeight":5596,"viewportHeight":859}}
[2026-03-30T19:31:48.243Z] {"timestamp":1774899106687,"kind":"scroll","url":"https://3000-i71eusj28bqyixy666wha-ade0715d.us2.manus.computer/?from_webdev=1","viewport":{"width":759,"height":859},"payload":{"scrollX":0,"scrollY":1183.3333740234375,"documentHeight":5596,"viewportHeight":859}}
[2026-03-30T19:31:50.238Z] {"timestamp":1774899107567,"kind":"scroll","url":"https://3000-i71eusj28bqyixy666wha-ade0715d.us2.manus.computer/?from_webdev=1","viewport":{"width":759,"height":859},"payload":{"scrollX":0,"scrollY":1218,"documentHeight":5596,"viewportHeight":859}}
[2026-03-30T19:31:50.238Z] {"timestamp":1774899108087,"kind":"scroll","url":"https://3000-i71eusj28bqyixy666wha-ade0715d.us2.manus.computer/?from_webdev=1","viewport":{"width":759,"height":859},"payload":{"scrollX":0,"scrollY":1306,"documentHeight":5596,"viewportHeight":859}}
[2026-03-30T19:31:50.238Z] {"timestamp":1774899108592,"kind":"scroll","url":"https://3000-i71eusj28bqyixy666wha-ade0715d.us2.manus.computer/?from_webdev=1","viewport":{"width":759,"height":859},"payload":{"scrollX":0,"scrollY":1366.6666259765625,"documentHeight":5596,"viewportHeight":859}}
[2026-03-30T19:31:50.238Z] {"timestamp":1774899109094,"kind":"scroll","url":"https://3000-i71eusj28bqyixy666wha-ade0715d.us2.manus.computer/?from_webdev=1","viewport":{"width":759,"height":859},"payload":{"scrollX":0,"scrollY":1481.3333740234375,"documentHeight":5596,"viewportHeight":859}}
[2026-03-30T19:33:10.241Z] {"timestamp":1774899188942,"kind":"scroll","url":"https://3000-i71eusj28bqyixy666wha-ade0715d.us2.manus.computer/?from_webdev=1","viewport":{"width":759,"height":859},"payload":{"scrollX":0,"scrollY":1518,"documentHeight":5596,"viewportHeight":859}}
[2026-03-30T19:33:12.240Z] {"timestamp":1774899189442,"kind":"scroll","url":"https://3000-i71eusj28bqyixy666wha-ade0715d.us2.manus.computer/?from_webdev=1","viewport":{"width":759,"height":859},"payload":{"scrollX":0,"scrollY":1860,"documentHeight":5596,"viewportHeight":859}}
[2026-03-30T19:33:12.240Z] {"timestamp":1774899190070,"kind":"scroll","url":"https://3000-i71eusj28bqyixy666wha-ade0715d.us2.manus.computer/?from_webdev=1","viewport":{"width":759,"height":859},"payload":{"scrollX":0,"scrollY":1928,"documentHeight":5596,"viewportHeight":859}}
[2026-03-30T19:33:12.240Z] {"timestamp":1774899190576,"kind":"scroll","url":"https://3000-i71eusj28bqyixy666wha-ade0715d.us2.manus.computer/?from_webdev=1","viewport":{"width":759,"height":859},"payload":{"scrollX":0,"scrollY":2174.666748046875,"documentHeight":5596,"viewportHeight":859}}
[2026-03-30T19:33:12.240Z] {"timestamp":1774899191075,"kind":"scroll","url":"https://3000-i71eusj28bqyixy666wha-ade0715d.us2.manus.computer/?from_webdev=1","viewport":{"width":759,"height":859},"payload":{"scrollX":0,"scrollY":2210,"documentHeight":5596,"viewportHeight":859}}
[2026-03-30T19:33:14.240Z] {"timestamp":1774899191976,"kind":"scroll","url":"https://3000-i71eusj28bqyixy666wha-ade0715d.us2.manus.computer/?from_webdev=1","viewport":{"width":759,"height":859},"payload":{"scrollX":0,"scrollY":2311.333251953125,"documentHeight":5596,"viewportHeight":859}}
[2026-03-30T19:33:14.240Z] {"timestamp":1774899192486,"kind":"scroll","url":"https://3000-i71eusj28bqyixy666wha-ade0715d.us2.manus.computer/?from_webdev=1","viewport":{"width":759,"height":859},"payload":{"scrollX":0,"scrollY":2486,"documentHeight":5596,"viewportHeight":859}}
[2026-03-30T19:33:14.240Z] {"timestamp":1774899192986,"kind":"scroll","url":"https://3000-i71eusj28bqyixy666wha-ade0715d.us2.manus.computer/?from_webdev=1","viewport":{"width":759,"height":859},"payload":{"scrollX":0,"scrollY":2528.666748046875,"documentHeight":5596,"viewportHeight":859}}
[2026-03-30T19:33:16.236Z] {"timestamp":1774899193487,"kind":"scroll","url":"https://3000-i71eusj28bqyixy666wha-ade0715d.us2.manus.computer/?from_webdev=1","viewport":{"width":759,"height":859},"payload":{"scrollX":0,"scrollY":2587.333251953125,"documentHeight":5596,"viewportHeight":859}}
[2026-03-30T19:33:16.236Z] {"timestamp":1774899193987,"kind":"scroll","url":"https://3000-i71eusj28bqyixy666wha-ade0715d.us2.manus.computer/?from_webdev=1","viewport":{"width":759,"height":859},"payload":{"scrollX":0,"scrollY":2616.666748046875,"documentHeight":5596,"viewportHeight":859}}
[2026-03-30T19:33:16.236Z] {"timestamp":1774899194503,"kind":"scroll","url":"https://3000-i71eusj28bqyixy666wha-ade0715d.us2.manus.computer/?from_webdev=1","viewport":{"width":759,"height":859},"payload":{"scrollX":0,"scrollY":2637.333251953125,"documentHeight":5596,"viewportHeight":859}}
[2026-03-30T19:33:18.251Z] {"timestamp":1774899195392,"kind":"scroll","url":"https://3000-i71eusj28bqyixy666wha-ade0715d.us2.manus.computer/?from_webdev=1","viewport":{"width":759,"height":859},"payload":{"scrollX":0,"scrollY":2638,"documentHeight":5596,"viewportHeight":859}}
[2026-03-30T19:33:18.251Z] {"timestamp":1774899195893,"kind":"scroll","url":"https://3000-i71eusj28bqyixy666wha-ade0715d.us2.manus.computer/?from_webdev=1","viewport":{"width":759,"height":859},"payload":{"scrollX":0,"scrollY":3009.333251953125,"documentHeight":5596,"viewportHeight":859}}
[2026-03-30T19:33:18.251Z] {"timestamp":1774899196708,"kind":"scroll","url":"https://3000-i71eusj28bqyixy666wha-ade0715d.us2.manus.computer/?from_webdev=1","viewport":{"width":759,"height":859},"payload":{"scrollX":0,"scrollY":3038,"documentHeight":5596,"viewportHeight":859}}
[2026-03-30T19:33:18.251Z] {"timestamp":1774899197208,"kind":"scroll","url":"https://3000-i71eusj28bqyixy666wha-ade0715d.us2.manus.computer/?from_webdev=1","viewport":{"width":759,"height":859},"payload":{"scrollX":0,"scrollY":3356,"documentHeight":5596,"viewportHeight":859}}
[2026-03-30T19:33:20.242Z] {"timestamp":1774899197975,"kind":"scroll","url":"https://3000-i71eusj28bqyixy666wha-ade0715d.us2.manus.computer/?from_webdev=1","viewport":{"width":759,"height":859},"payload":{"scrollX":0,"scrollY":3403.333251953125,"documentHeight":5596,"viewportHeight":859}}
[2026-03-30T19:33:20.242Z] {"timestamp":1774899198475,"kind":"scroll","url":"https://3000-i71eusj28bqyixy666wha-ade0715d.us2.manus.computer/?from_webdev=1","viewport":{"width":759,"height":859},"payload":{"scrollX":0,"scrollY":3636.666748046875,"documentHeight":5596,"viewportHeight":859}}
[2026-03-30T19:33:20.242Z] {"timestamp":1774899198975,"kind":"scroll","url":"https://3000-i71eusj28bqyixy666wha-ade0715d.us2.manus.computer/?from_webdev=1","viewport":{"width":759,"height":859},"payload":{"scrollX":0,"scrollY":3722,"documentHeight":5596,"viewportHeight":859}}
[2026-03-30T19:33:22.241Z] {"timestamp":1774899199650,"kind":"scroll","url":"https://3000-i71eusj28bqyixy666wha-ade0715d.us2.manus.computer/?from_webdev=1","viewport":{"width":759,"height":859},"payload":{"scrollX":0,"scrollY":3754,"documentHeight":5596,"viewportHeight":859}}
[2026-03-30T19:33:22.241Z] {"timestamp":1774899200150,"kind":"scroll","url":"https://3000-i71eusj28bqyixy666wha-ade0715d.us2.manus.computer/?from_webdev=1","viewport":{"width":759,"height":859},"payload":{"scrollX":0,"scrollY":4185.33349609375,"documentHeight":5596,"viewportHeight":859}}
[2026-03-30T19:33:22.241Z] {"timestamp":1774899200950,"kind":"scroll","url":"https://3000-i71eusj28bqyixy666wha-ade0715d.us2.manus.computer/?from_webdev=1","viewport":{"width":759,"height":859},"payload":{"scrollX":0,"scrollY":4244.66650390625,"documentHeight":5596,"viewportHeight":859}}
[2026-03-30T19:33:24.235Z] {"timestamp":1774899201591,"kind":"scroll","url":"https://3000-i71eusj28bqyixy666wha-ade0715d.us2.manus.computer/?from_webdev=1","viewport":{"width":759,"height":859},"payload":{"scrollX":0,"scrollY":4638,"documentHeight":5596,"viewportHeight":859}}
[2026-03-30T19:33:24.235Z] {"timestamp":1774899202379,"kind":"scroll","url":"https://3000-i71eusj28bqyixy666wha-ade0715d.us2.manus.computer/?from_webdev=1","viewport":{"width":759,"height":859},"payload":{"scrollX":0,"scrollY":4594,"documentHeight":5596,"viewportHeight":859}}
[2026-03-30T19:33:24.235Z] {"timestamp":1774899202883,"kind":"scroll","url":"https://3000-i71eusj28bqyixy666wha-ade0715d.us2.manus.computer/?from_webdev=1","viewport":{"width":759,"height":859},"payload":{"scrollX":0,"scrollY":4673.33349609375,"documentHeight":5596,"viewportHeight":859}}
[2026-03-30T19:37:48.680Z] {"timestamp":1774899466759,"kind":"scroll","url":"https://3000-i71eusj28bqyixy666wha-ade0715d.us2.manus.computer/","viewport":{"width":384,"height":697},"payload":{"scrollX":0,"scrollY":3.200000047683716,"documentHeight":5997,"viewportHeight":697}}
[2026-03-30T19:37:48.680Z] {"timestamp":1774899467262,"kind":"scroll","url":"https://3000-i71eusj28bqyixy666wha-ade0715d.us2.manus.computer/","viewport":{"width":384,"height":753},"payload":{"scrollX":0,"scrollY":179.1999969482422,"documentHeight":5997,"viewportHeight":753}}
[2026-03-30T19:37:48.680Z] {"timestamp":1774899467782,"kind":"scroll","url":"https://3000-i71eusj28bqyixy666wha-ade0715d.us2.manus.computer/","viewport":{"width":384,"height":753},"payload":{"scrollX":0,"scrollY":183.46665954589844,"documentHeight":5997,"viewportHeight":753}}
[2026-03-30T19:37:48.680Z] {"timestamp":1774899468290,"kind":"scroll","url":"https://3000-i71eusj28bqyixy666wha-ade0715d.us2.manus.computer/","viewport":{"width":384,"height":753},"payload":{"scrollX":0,"scrollY":338.4888916015625,"documentHeight":5997,"viewportHeight":753}}
[2026-03-30T19:37:50.550Z] {"timestamp":1774899468906,"kind":"scroll","url":"https://3000-i71eusj28bqyixy666wha-ade0715d.us2.manus.computer/","viewport":{"width":384,"height":753},"payload":{"scrollX":0,"scrollY":364.0888977050781,"documentHeight":5997,"viewportHeight":753}}
[2026-03-30T19:37:50.550Z] {"timestamp":1774899469422,"kind":"scroll","url":"https://3000-i71eusj28bqyixy666wha-ade0715d.us2.manus.computer/","viewport":{"width":384,"height":753},"payload":{"scrollX":0,"scrollY":498.1333312988281,"documentHeight":5997,"viewportHeight":753}}
[2026-03-30T19:37:50.550Z] {"timestamp":1774899469964,"kind":"scroll","url":"https://3000-i71eusj28bqyixy666wha-ade0715d.us2.manus.computer/","viewport":{"width":384,"height":753},"payload":{"scrollX":0,"scrollY":521.95556640625,"documentHeight":5997,"viewportHeight":753}}
[2026-03-30T19:37:52.545Z] {"timestamp":1774899470471,"kind":"scroll","url":"https://3000-i71eusj28bqyixy666wha-ade0715d.us2.manus.computer/","viewport":{"width":384,"height":753},"payload":{"scrollX":0,"scrollY":606.933349609375,"documentHeight":5997,"viewportHeight":753}}
[2026-03-30T19:37:52.545Z] {"timestamp":1774899470977,"kind":"scroll","url":"https://3000-i71eusj28bqyixy666wha-ade0715d.us2.manus.computer/","viewport":{"width":384,"height":753},"payload":{"scrollX":0,"scrollY":664.5333251953125,"documentHeight":5997,"viewportHeight":753}}
[2026-03-30T19:37:52.545Z] {"timestamp":1774899471588,"kind":"scroll","url":"https://3000-i71eusj28bqyixy666wha-ade0715d.us2.manus.computer/","viewport":{"width":384,"height":753},"payload":{"scrollX":0,"scrollY":708.6221923828125,"documentHeight":5997,"viewportHeight":753}}
[2026-03-30T19:37:52.545Z] {"timestamp":1774899472096,"kind":"scroll","url":"https://3000-i71eusj28bqyixy666wha-ade0715d.us2.manus.computer/","viewport":{"width":384,"height":753},"payload":{"scrollX":0,"scrollY":809.2444458007812,"documentHeight":5997,"viewportHeight":753}}
[2026-03-30T19:37:54.548Z] {"timestamp":1774899472709,"kind":"scroll","url":"https://3000-i71eusj28bqyixy666wha-ade0715d.us2.manus.computer/","viewport":{"width":384,"height":753},"payload":{"scrollX":0,"scrollY":845.8666381835938,"documentHeight":5997,"viewportHeight":753}}
[2026-03-30T19:37:54.548Z] {"timestamp":1774899473218,"kind":"scroll","url":"https://3000-i71eusj28bqyixy666wha-ade0715d.us2.manus.computer/","viewport":{"width":384,"height":753},"payload":{"scrollX":0,"scrollY":968.888916015625,"documentHeight":5997,"viewportHeight":753}}
[2026-03-30T19:37:54.548Z] {"timestamp":1774899473841,"kind":"scroll","url":"https://3000-i71eusj28bqyixy666wha-ade0715d.us2.manus.computer/","viewport":{"width":384,"height":753},"payload":{"scrollX":0,"scrollY":1010.8444213867188,"documentHeight":5997,"viewportHeight":753}}
[2026-03-30T19:37:54.548Z] {"timestamp":1774899474349,"kind":"scroll","url":"https://3000-i71eusj28bqyixy666wha-ade0715d.us2.manus.computer/","viewport":{"width":384,"height":753},"payload":{"scrollX":0,"scrollY":1094.04443359375,"documentHeight":5997,"viewportHeight":753}}
[2026-03-30T19:37:56.538Z] {"timestamp":1774899475000,"kind":"scroll","url":"https://3000-i71eusj28bqyixy666wha-ade0715d.us2.manus.computer/","viewport":{"width":384,"height":753},"payload":{"scrollX":0,"scrollY":1192.888916015625,"documentHeight":5997,"viewportHeight":753}}
[2026-03-30T19:37:56.538Z] {"timestamp":1774899475506,"kind":"scroll","url":"https://3000-i71eusj28bqyixy666wha-ade0715d.us2.manus.computer/","viewport":{"width":384,"height":753},"payload":{"scrollX":0,"scrollY":1465.244384765625,"documentHeight":5997,"viewportHeight":753}}
[2026-03-30T19:37:56.538Z] {"timestamp":1774899476063,"kind":"scroll","url":"https://3000-i71eusj28bqyixy666wha-ade0715d.us2.manus.computer/","viewport":{"width":384,"height":753},"payload":{"scrollX":0,"scrollY":1504.7110595703125,"documentHeight":5997,"viewportHeight":753}}
[2026-03-30T19:37:58.531Z] {"timestamp":1774899476570,"kind":"scroll","url":"https://3000-i71eusj28bqyixy666wha-ade0715d.us2.manus.computer/","viewport":{"width":384,"height":753},"payload":{"scrollX":0,"scrollY":1567.6444091796875,"documentHeight":5997,"viewportHeight":753}}
[2026-03-30T19:37:58.531Z] {"timestamp":1774899477073,"kind":"scroll","url":"https://3000-i71eusj28bqyixy666wha-ade0715d.us2.manus.computer/","viewport":{"width":384,"height":753},"payload":{"scrollX":0,"scrollY":1599.2889404296875,"documentHeight":5997,"viewportHeight":753}}
[2026-03-30T19:37:58.531Z] {"timestamp":1774899477580,"kind":"scroll","url":"https://3000-i71eusj28bqyixy666wha-ade0715d.us2.manus.computer/","viewport":{"width":384,"height":753},"payload":{"scrollX":0,"scrollY":1613.86669921875,"documentHeight":5997,"viewportHeight":753}}
[2026-03-30T19:37:58.531Z] {"timestamp":1774899478111,"kind":"scroll","url":"https://3000-i71eusj28bqyixy666wha-ade0715d.us2.manus.computer/","viewport":{"width":384,"height":753},"payload":{"scrollX":0,"scrollY":1616,"documentHeight":5997,"viewportHeight":753}}
[2026-03-30T19:38:00.540Z] {"timestamp":1774899478617,"kind":"scroll","url":"https://3000-i71eusj28bqyixy666wha-ade0715d.us2.manus.computer/","viewport":{"width":384,"height":753},"payload":{"scrollX":0,"scrollY":1619.9111328125,"documentHeight":5997,"viewportHeight":753}}
[2026-03-30T19:38:00.540Z] {"timestamp":1774899479118,"kind":"scroll","url":"https://3000-i71eusj28bqyixy666wha-ade0715d.us2.manus.computer/","viewport":{"width":384,"height":753},"payload":{"scrollX":0,"scrollY":1627.022216796875,"documentHeight":5997,"viewportHeight":753}}
[2026-03-30T19:38:00.540Z] {"timestamp":1774899479618,"kind":"scroll","url":"https://3000-i71eusj28bqyixy666wha-ade0715d.us2.manus.computer/","viewport":{"width":384,"height":753},"payload":{"scrollX":0,"scrollY":1630.933349609375,"documentHeight":5997,"viewportHeight":753}}
[2026-03-30T19:38:00.540Z] {"timestamp":1774899480242,"kind":"scroll","url":"https://3000-i71eusj28bqyixy666wha-ade0715d.us2.manus.computer/","viewport":{"width":384,"height":753},"payload":{"scrollX":0,"scrollY":1633.4222412109375,"documentHeight":5997,"viewportHeight":753}}
[2026-03-30T19:38:02.595Z] {"timestamp":1774899480748,"kind":"scroll","url":"https://3000-i71eusj28bqyixy666wha-ade0715d.us2.manus.computer/","viewport":{"width":384,"height":753},"payload":{"scrollX":0,"scrollY":1634.844482421875,"documentHeight":5997,"viewportHeight":753}}
[2026-03-30T19:38:02.595Z] {"timestamp":1774899481265,"kind":"scroll","url":"https://3000-i71eusj28bqyixy666wha-ade0715d.us2.manus.computer/","viewport":{"width":384,"height":753},"payload":{"scrollX":0,"scrollY":1638.04443359375,"documentHeight":5997,"viewportHeight":753}}
[2026-03-30T19:38:02.595Z] {"timestamp":1774899481773,"kind":"scroll","url":"https://3000-i71eusj28bqyixy666wha-ade0715d.us2.manus.computer/","viewport":{"width":384,"height":753},"payload":{"scrollX":0,"scrollY":1643.3778076171875,"documentHeight":5997,"viewportHeight":753}}
[2026-03-30T19:38:04.588Z] {"timestamp":1774899482513,"kind":"scroll","url":"https://3000-i71eusj28bqyixy666wha-ade0715d.us2.manus.computer/","viewport":{"width":384,"height":753},"payload":{"scrollX":0,"scrollY":1698.844482421875,"documentHeight":5997,"viewportHeight":753}}
[2026-03-30T19:38:04.588Z] {"timestamp":1774899483021,"kind":"scroll","url":"https://3000-i71eusj28bqyixy666wha-ade0715d.us2.manus.computer/","viewport":{"width":384,"height":753},"payload":{"scrollX":0,"scrollY":1792.7110595703125,"documentHeight":5997,"viewportHeight":753}}
[2026-03-30T19:38:04.588Z] {"timestamp":1774899483820,"kind":"scroll","url":"https://3000-i71eusj28bqyixy666wha-ade0715d.us2.manus.computer/","viewport":{"width":384,"height":753},"payload":{"scrollX":0,"scrollY":1834.3111572265625,"documentHeight":5997,"viewportHeight":753}}
[2026-03-30T19:38:04.588Z] {"timestamp":1774899484327,"kind":"scroll","url":"https://3000-i71eusj28bqyixy666wha-ade0715d.us2.manus.computer/","viewport":{"width":384,"height":753},"payload":{"scrollX":0,"scrollY":1899.7332763671875,"documentHeight":5997,"viewportHeight":753}}
[2026-03-30T19:38:06.556Z] {"timestamp":1774899484827,"kind":"scroll","url":"https://3000-i71eusj28bqyixy666wha-ade0715d.us2.manus.computer/","viewport":{"width":384,"height":753},"payload":{"scrollX":0,"scrollY":1936,"documentHeight":5997,"viewportHeight":753}}
[2026-03-30T19:38:06.556Z] {"timestamp":1774899485608,"kind":"scroll","url":"https://3000-i71eusj28bqyixy666wha-ade0715d.us2.manus.computer/","viewport":{"width":384,"height":753},"payload":{"scrollX":0,"scrollY":1972.6221923828125,"documentHeight":5997,"viewportHeight":753}}
[2026-03-30T19:38:06.556Z] {"timestamp":1774899486117,"kind":"scroll","url":"https://3000-i71eusj28bqyixy666wha-ade0715d.us2.manus.computer/","viewport":{"width":384,"height":753},"payload":{"scrollX":0,"scrollY":2050.13330078125,"documentHeight":5997,"viewportHeight":753}}
[2026-03-30T19:38:08.546Z] {"timestamp":1774899486632,"kind":"scroll","url":"https://3000-i71eusj28bqyixy666wha-ade0715d.us2.manus.computer/","viewport":{"width":384,"height":753},"payload":{"scrollX":0,"scrollY":2073.95556640625,"documentHeight":5997,"viewportHeight":753}}
[2026-03-30T19:38:08.546Z] {"timestamp":1774899487506,"kind":"scroll","url":"https://3000-i71eusj28bqyixy666wha-ade0715d.us2.manus.computer/","viewport":{"width":384,"height":753},"payload":{"scrollX":0,"scrollY":2136.888916015625,"documentHeight":5997,"viewportHeight":753}}
[2026-03-30T19:38:08.546Z] {"timestamp":1774899488015,"kind":"scroll","url":"https://3000-i71eusj28bqyixy666wha-ade0715d.us2.manus.computer/","viewport":{"width":384,"height":753},"payload":{"scrollX":0,"scrollY":2435.199951171875,"documentHeight":5997,"viewportHeight":753}}
[2026-03-30T19:38:10.585Z] {"timestamp":1774899488705,"kind":"scroll","url":"https://3000-i71eusj28bqyixy666wha-ade0715d.us2.manus.computer/","viewport":{"width":384,"height":753},"payload":{"scrollX":0,"scrollY":2454.39990234375,"documentHeight":5997,"viewportHeight":753}}
[2026-03-30T19:38:10.585Z] {"timestamp":1774899489213,"kind":"scroll","url":"https://3000-i71eusj28bqyixy666wha-ade0715d.us2.manus.computer/","viewport":{"width":384,"height":753},"payload":{"scrollX":0,"scrollY":2740.622314453125,"documentHeight":5997,"viewportHeight":753}}
[2026-03-30T19:38:10.585Z] {"timestamp":1774899489786,"kind":"scroll","url":"https://3000-i71eusj28bqyixy666wha-ade0715d.us2.manus.computer/","viewport":{"width":384,"height":753},"payload":{"scrollX":0,"scrollY":2756.622314453125,"documentHeight":5997,"viewportHeight":753}}
[2026-03-30T19:38:10.585Z] {"timestamp":1774899490295,"kind":"scroll","url":"https://3000-i71eusj28bqyixy666wha-ade0715d.us2.manus.computer/","viewport":{"width":384,"height":753},"payload":{"scrollX":0,"scrollY":3040,"documentHeight":5997,"viewportHeight":753}}
[2026-03-30T19:38:12.560Z] {"timestamp":1774899491001,"kind":"scroll","url":"https://3000-i71eusj28bqyixy666wha-ade0715d.us2.manus.computer/","viewport":{"width":384,"height":753},"payload":{"scrollX":0,"scrollY":3053.51123046875,"documentHeight":5997,"viewportHeight":753}}
[2026-03-30T19:38:12.560Z] {"timestamp":1774899491502,"kind":"scroll","url":"https://3000-i71eusj28bqyixy666wha-ade0715d.us2.manus.computer/","viewport":{"width":384,"height":753},"payload":{"scrollX":0,"scrollY":3240.888916015625,"documentHeight":5997,"viewportHeight":753}}
[2026-03-30T19:38:12.560Z] {"timestamp":1774899492017,"kind":"scroll","url":"https://3000-i71eusj28bqyixy666wha-ade0715d.us2.manus.computer/","viewport":{"width":384,"height":753},"payload":{"scrollX":0,"scrollY":3306.31103515625,"documentHeight":5997,"viewportHeight":753}}
[2026-03-30T19:38:14.551Z] {"timestamp":1774899492525,"kind":"scroll","url":"https://3000-i71eusj28bqyixy666wha-ade0715d.us2.manus.computer/","viewport":{"width":384,"height":753},"payload":{"scrollX":0,"scrollY":3497.60009765625,"documentHeight":5997,"viewportHeight":753}}
[2026-03-30T19:38:14.551Z] {"timestamp":1774899493033,"kind":"scroll","url":"https://3000-i71eusj28bqyixy666wha-ade0715d.us2.manus.computer/","viewport":{"width":384,"height":753},"payload":{"scrollX":0,"scrollY":3586.844482421875,"documentHeight":5997,"viewportHeight":753}}
[2026-03-30T19:38:14.551Z] {"timestamp":1774899493540,"kind":"scroll","url":"https://3000-i71eusj28bqyixy666wha-ade0715d.us2.manus.computer/","viewport":{"width":384,"height":753},"payload":{"scrollX":0,"scrollY":3821.86669921875,"documentHeight":5997,"viewportHeight":753}}
[2026-03-30T19:38:14.551Z] {"timestamp":1774899494047,"kind":"scroll","url":"https://3000-i71eusj28bqyixy666wha-ade0715d.us2.manus.computer/","viewport":{"width":384,"height":753},"payload":{"scrollX":0,"scrollY":3837.51123046875,"documentHeight":5997,"viewportHeight":753}}
[2026-03-30T19:38:16.547Z] {"timestamp":1774899494556,"kind":"scroll","url":"https://3000-i71eusj28bqyixy666wha-ade0715d.us2.manus.computer/","viewport":{"width":384,"height":753},"payload":{"scrollX":0,"scrollY":4145.77783203125,"documentHeight":5997,"viewportHeight":753}}
[2026-03-30T19:38:16.547Z] {"timestamp":1774899495080,"kind":"scroll","url":"https://3000-i71eusj28bqyixy666wha-ade0715d.us2.manus.computer/","viewport":{"width":384,"height":753},"payload":{"scrollX":0,"scrollY":4158.22216796875,"documentHeight":5997,"viewportHeight":753}}
[2026-03-30T19:38:16.547Z] {"timestamp":1774899495580,"kind":"scroll","url":"https://3000-i71eusj28bqyixy666wha-ade0715d.us2.manus.computer/","viewport":{"width":384,"height":753},"payload":{"scrollX":0,"scrollY":4478.57763671875,"documentHeight":5997,"viewportHeight":753}}
[2026-03-30T19:38:18.572Z] {"timestamp":1774899496444,"kind":"scroll","url":"https://3000-i71eusj28bqyixy666wha-ade0715d.us2.manus.computer/","viewport":{"width":384,"height":753},"payload":{"scrollX":0,"scrollY":4512.7109375,"documentHeight":5997,"viewportHeight":753}}
[2026-03-30T19:38:18.572Z] {"timestamp":1774899496945,"kind":"scroll","url":"https://3000-i71eusj28bqyixy666wha-ade0715d.us2.manus.computer/","viewport":{"width":384,"height":753},"payload":{"scrollX":0,"scrollY":4584.888671875,"documentHeight":5997,"viewportHeight":753}}
[2026-03-30T19:38:18.572Z] {"timestamp":1774899497441,"kind":"focusin","url":"https://3000-i71eusj28bqyixy666wha-ade0715d.us2.manus.computer/","viewport":{"width":384,"height":753},"payload":{"target":{"tag":"select","id":null,"name":null,"type":null,"role":null,"ariaLabel":null,"testId":null,"dataLoc":"client/src/pages/Home.tsx:540","href":null,"text":"Select a service... Acknowledgment Jurat Power of Attorney Affidavit Legal Docum…","selectorHint":"[data-loc=\"client/src/pages/Home.tsx:540\"]"}}}
[2026-03-30T19:38:18.572Z] {"timestamp":1774899497442,"kind":"click","url":"https://3000-i71eusj28bqyixy666wha-ade0715d.us2.manus.computer/","viewport":{"width":384,"height":753},"payload":{"target":{"tag":"select","id":null,"name":null,"type":null,"role":null,"ariaLabel":null,"testId":null,"dataLoc":"client/src/pages/Home.tsx:540","href":null,"text":"Select a service... Acknowledgment Jurat Power of Attorney Affidavit Legal Docum…","selectorHint":"[data-loc=\"client/src/pages/Home.tsx:540\"]"},"x":322,"y":366}}
[2026-03-30T19:38:22.588Z] {"timestamp":1774899501006,"kind":"scroll","url":"https://3000-i71eusj28bqyixy666wha-ade0715d.us2.manus.computer/","viewport":{"width":384,"height":753},"payload":{"scrollX":0,"scrollY":4592,"documentHeight":5997,"viewportHeight":753}}
[2026-03-30T19:38:22.588Z] {"timestamp":1774899501514,"kind":"scroll","url":"https://3000-i71eusj28bqyixy666wha-ade0715d.us2.manus.computer/","viewport":{"width":384,"height":753},"payload":{"scrollX":0,"scrollY":4901.33349609375,"documentHeight":5997,"viewportHeight":753}}
[2026-03-30T19:38:22.588Z] {"timestamp":1774899502030,"kind":"scroll","url":"https://3000-i71eusj28bqyixy666wha-ade0715d.us2.manus.computer/","viewport":{"width":384,"height":753},"payload":{"scrollX":0,"scrollY":4945.77783203125,"documentHeight":5997,"viewportHeight":753}}
[2026-03-30T19:38:24.545Z] {"timestamp":1774899502529,"kind":"scroll","url":"https://3000-i71eusj28bqyixy666wha-ade0715d.us2.manus.computer/","viewport":{"width":384,"height":753},"payload":{"scrollX":0,"scrollY":5027.2001953125,"documentHeight":5997,"viewportHeight":753}}
[2026-03-30T19:38:24.545Z] {"timestamp":1774899503693,"kind":"scroll","url":"https://3000-i71eusj28bqyixy666wha-ade0715d.us2.manus.computer/","viewport":{"width":384,"height":753},"payload":{"scrollX":0,"scrollY":5105.06689453125,"documentHeight":5997,"viewportHeight":753}}
[2026-03-30T19:38:28.547Z] {"timestamp":1774899507839,"kind":"scroll","url":"https://3000-i71eusj28bqyixy666wha-ade0715d.us2.manus.computer/","viewport":{"width":384,"height":753},"payload":{"scrollX":0,"scrollY":5245.86669921875,"documentHeight":5997,"viewportHeight":753}}
[2026-03-30T19:38:30.541Z] {"timestamp":1774899509429,"kind":"scroll","url":"https://3000-i71eusj28bqyixy666wha-ade0715d.us2.manus.computer/","viewport":{"width":384,"height":697},"payload":{"scrollX":0,"scrollY":5286.39990234375,"documentHeight":5997,"viewportHeight":697}}
[2026-03-30T19:38:30.541Z] {"timestamp":1774899509937,"kind":"scroll","url":"https://3000-i71eusj28bqyixy666wha-ade0715d.us2.manus.computer/","viewport":{"width":384,"height":697},"payload":{"scrollX":0,"scrollY":4838.75537109375,"documentHeight":5997,"viewportHeight":697}}
[2026-03-30T19:38:32.560Z] {"timestamp":1774899510453,"kind":"scroll","url":"https://3000-i71eusj28bqyixy666wha-ade0715d.us2.manus.computer/","viewport":{"width":384,"height":697},"payload":{"scrollX":0,"scrollY":4715.0224609375,"documentHeight":5997,"viewportHeight":697}}
[2026-03-30T19:38:32.560Z] {"timestamp":1774899512192,"kind":"focusout","url":"https://3000-i71eusj28bqyixy666wha-ade0715d.us2.manus.computer/","viewport":{"width":384,"height":697},"payload":{"target":{"tag":"select","id":null,"name":null,"type":null,"role":null,"ariaLabel":null,"testId":null,"dataLoc":"client/src/pages/Home.tsx:540","href":null,"text":"Select a service... Acknowledgment Jurat Power of Attorney Affidavit Legal Docum…","selectorHint":"[data-loc=\"client/src/pages/Home.tsx:540\"]"},"value":""}}
[2026-03-30T19:38:32.560Z] {"timestamp":1774899512192,"kind":"focusin","url":"https://3000-i71eusj28bqyixy666wha-ade0715d.us2.manus.computer/","viewport":{"width":384,"height":697},"payload":{"target":{"tag":"button","id":null,"name":null,"type":null,"role":null,"ariaLabel":null,"testId":null,"dataLoc":"client/src/pages/Home.tsx:567","href":null,"text":"Request Appointment","selectorHint":"[data-loc=\"client/src/pages/Home.tsx:567\"]"}}}
[2026-03-30T19:38:32.560Z] {"timestamp":1774899512193,"kind":"click","url":"https://3000-i71eusj28bqyixy666wha-ade0715d.us2.manus.computer/","viewport":{"width":384,"height":697},"payload":{"target":{"tag":"button","id":null,"name":null,"type":null,"role":null,"ariaLabel":null,"testId":null,"dataLoc":"client/src/pages/Home.tsx:567","href":null,"text":"Request Appointment","selectorHint":"[data-loc=\"client/src/pages/Home.tsx:567\"]"},"x":217,"y":572}}
[2026-03-30T19:38:32.560Z] {"timestamp":1774899512193,"kind":"focusout","url":"https://3000-i71eusj28bqyixy666wha-ade0715d.us2.manus.computer/","viewport":{"width":384,"height":697},"payload":{"target":{"tag":"button","id":null,"name":null,"type":null,"role":null,"ariaLabel":null,"testId":null,"dataLoc":"client/src/pages/Home.tsx:567","href":null,"text":"Request Appointment","selectorHint":"[data-loc=\"client/src/pages/Home.tsx:567\"]"},"value":null}}
[2026-03-30T19:38:32.560Z] {"timestamp":1774899512194,"kind":"focusin","url":"https://3000-i71eusj28bqyixy666wha-ade0715d.us2.manus.computer/","viewport":{"width":384,"height":697},"payload":{"target":{"tag":"input","id":null,"name":null,"type":"text","role":null,"ariaLabel":null,"testId":null,"dataLoc":"client/src/pages/Home.tsx:504","href":null,"text":"","selectorHint":"[data-loc=\"client/src/pages/Home.tsx:504\"]"}}}
[2026-03-30T19:38:36.543Z] {"timestamp":1774899514772,"kind":"focusout","url":"https://3000-i71eusj28bqyixy666wha-ade0715d.us2.manus.computer/","viewport":{"width":384,"height":697},"payload":{"target":{"tag":"input","id":null,"name":null,"type":"text","role":null,"ariaLabel":null,"testId":null,"dataLoc":"client/src/pages/Home.tsx:504","href":null,"text":"","selectorHint":"[data-loc=\"client/src/pages/Home.tsx:504\"]"},"value":""}}
[2026-03-30T19:38:36.543Z] {"timestamp":1774899514773,"kind":"focusin","url":"https://3000-i71eusj28bqyixy666wha-ade0715d.us2.manus.computer/","viewport":{"width":384,"height":697},"payload":{"target":{"tag":"input","id":null,"name":null,"type":"email","role":null,"ariaLabel":null,"testId":null,"dataLoc":"client/src/pages/Home.tsx:529","href":null,"text":"","selectorHint":"[data-loc=\"client/src/pages/Home.tsx:529\"]"}}}
[2026-03-30T19:38:36.543Z] {"timestamp":1774899514777,"kind":"click","url":"https://3000-i71eusj28bqyixy666wha-ade0715d.us2.manus.computer/","viewport":{"width":384,"height":697},"payload":{"target":{"tag":"input","id":null,"name":null,"type":"email","role":null,"ariaLabel":null,"testId":null,"dataLoc":"client/src/pages/Home.tsx:529","href":null,"text":"","selectorHint":"[data-loc=\"client/src/pages/Home.tsx:529\"]"},"x":280,"y":290}}
[2026-03-30T19:38:36.543Z] {"timestamp":1774899515204,"kind":"scroll","url":"https://3000-i71eusj28bqyixy666wha-ade0715d.us2.manus.computer/","viewport":{"width":384,"height":697},"payload":{"scrollX":0,"scrollY":4588.7998046875,"documentHeight":5997,"viewportHeight":697}}
[2026-03-30T19:38:36.543Z] {"timestamp":1774899515712,"kind":"scroll","url":"https://3000-i71eusj28bqyixy666wha-ade0715d.us2.manus.computer/","viewport":{"width":384,"height":697},"payload":{"scrollX":0,"scrollY":4227.9111328125,"documentHeight":5997,"viewportHeight":697}}
[2026-03-30T19:38:39.187Z] {"timestamp":1774899518997,"kind":"focusout","url":"https://3000-i71eusj28bqyixy666wha-ade0715d.us2.manus.computer/","viewport":{"width":384,"height":697},"payload":{"target":{"tag":"input","id":null,"name":null,"type":"email","role":null,"ariaLabel":null,"testId":null,"dataLoc":"client/src/pages/Home.tsx:529","href":null,"text":"","selectorHint":"[data-loc=\"client/src/pages/Home.tsx:529\"]"},"value":""}}
[2026-03-30T19:38:39.187Z] {"timestamp":1774899518998,"kind":"focusin","url":"https://3000-i71eusj28bqyixy666wha-ade0715d.us2.manus.computer/","viewport":{"width":384,"height":697},"payload":{"target":{"tag":"a","id":null,"name":null,"type":null,"role":null,"ariaLabel":null,"testId":null,"dataLoc":"client/src/pages/Home.tsx:460","href":"tel:9136018371","text":"Call Now","selectorHint":"[data-loc=\"client/src/pages/Home.tsx:460\"]"}}}
[2026-03-30T19:38:39.187Z] {"timestamp":1774899518998,"kind":"click","url":"https://3000-i71eusj28bqyixy666wha-ade0715d.us2.manus.computer/","viewport":{"width":384,"height":697},"payload":{"target":{"tag":"a","id":null,"name":null,"type":null,"role":null,"ariaLabel":null,"testId":null,"dataLoc":"client/src/pages/Home.tsx:460","href":"tel:9136018371","text":"Call Now","selectorHint":"[data-loc=\"client/src/pages/Home.tsx:460\"]"},"x":140,"y":258}}
[2026-03-30T19:39:34.401Z] {"timestamp":1774899572515,"kind":"scroll","url":"https://3000-i71eusj28bqyixy666wha-ade0715d.us2.manus.computer/?from_webdev=1","viewport":{"width":759,"height":859},"payload":{"scrollX":0,"scrollY":4736,"documentHeight":5596,"viewportHeight":859}}
[2026-03-30T19:39:34.401Z] {"timestamp":1774899573177,"kind":"scroll","url":"https://3000-i71eusj28bqyixy666wha-ade0715d.us2.manus.computer/?from_webdev=1","viewport":{"width":759,"height":859},"payload":{"scrollX":0,"scrollY":3668.666748046875,"documentHeight":5596,"viewportHeight":859}}
[2026-03-30T19:39:36.234Z] {"timestamp":1774899573890,"kind":"scroll","url":"https://3000-i71eusj28bqyixy666wha-ade0715d.us2.manus.computer/?from_webdev=1","viewport":{"width":759,"height":859},"payload":{"scrollX":0,"scrollY":2918,"documentHeight":5596,"viewportHeight":859}}
[2026-03-30T19:40:22.383Z] {"timestamp":1774899620149,"kind":"scroll","url":"https://3000-i71eusj28bqyixy666wha-ade0715d.us2.manus.computer/?from_webdev=1","viewport":{"width":759,"height":859},"payload":{"scrollX":0,"scrollY":0.6666666865348816,"documentHeight":5596,"viewportHeight":859}}
[2026-03-30T19:40:22.383Z] {"timestamp":1774899620935,"kind":"scroll","url":"https://3000-i71eusj28bqyixy666wha-ade0715d.us2.manus.computer/?from_webdev=1","viewport":{"width":759,"height":859},"payload":{"scrollX":0,"scrollY":874.6666870117188,"documentHeight":5596,"viewportHeight":859}}
[2026-03-30T19:40:24.380Z] {"timestamp":1774899621443,"kind":"scroll","url":"https://3000-i71eusj28bqyixy666wha-ade0715d.us2.manus.computer/?from_webdev=1","viewport":{"width":759,"height":859},"payload":{"scrollX":0,"scrollY":1676,"documentHeight":5596,"viewportHeight":859}}
[2026-03-30T19:40:24.380Z] {"timestamp":1774899622093,"kind":"scroll","url":"https://3000-i71eusj28bqyixy666wha-ade0715d.us2.manus.computer/?from_webdev=1","viewport":{"width":759,"height":859},"payload":{"scrollX":0,"scrollY":1678,"documentHeight":5596,"viewportHeight":859}}
[2026-03-30T19:40:24.380Z] {"timestamp":1774899622602,"kind":"scroll","url":"https://3000-i71eusj28bqyixy666wha-ade0715d.us2.manus.computer/?from_webdev=1","viewport":{"width":759,"height":859},"payload":{"scrollX":0,"scrollY":1694.6666259765625,"documentHeight":5596,"viewportHeight":859}}
[2026-03-30T19:40:24.380Z] {"timestamp":1774899623107,"kind":"scroll","url":"https://3000-i71eusj28bqyixy666wha-ade0715d.us2.manus.computer/?from_webdev=1","viewport":{"width":759,"height":859},"payload":{"scrollX":0,"scrollY":1894.6666259765625,"documentHeight":5596,"viewportHeight":859}}
[2026-03-30T19:40:35.330Z] {"timestamp":1774899518997,"kind":"focusout","url":"https://3000-i71eusj28bqyixy666wha-ade0715d.us2.manus.computer/","viewport":{"width":384,"height":697},"payload":{"target":{"tag":"input","id":null,"name":null,"type":"email","role":null,"ariaLabel":null,"testId":null,"dataLoc":"client/src/pages/Home.tsx:529","href":null,"text":"","selectorHint":"[data-loc=\"client/src/pages/Home.tsx:529\"]"},"value":""}}
[2026-03-30T19:40:35.330Z] {"timestamp":1774899518998,"kind":"focusin","url":"https://3000-i71eusj28bqyixy666wha-ade0715d.us2.manus.computer/","viewport":{"width":384,"height":697},"payload":{"target":{"tag":"a","id":null,"name":null,"type":null,"role":null,"ariaLabel":null,"testId":null,"dataLoc":"client/src/pages/Home.tsx:460","href":"tel:9136018371","text":"Call Now","selectorHint":"[data-loc=\"client/src/pages/Home.tsx:460\"]"}}}
[2026-03-30T19:40:35.330Z] {"timestamp":1774899518998,"kind":"click","url":"https://3000-i71eusj28bqyixy666wha-ade0715d.us2.manus.computer/","viewport":{"width":384,"height":697},"payload":{"target":{"tag":"a","id":null,"name":null,"type":null,"role":null,"ariaLabel":null,"testId":null,"dataLoc":"client/src/pages/Home.tsx:460","href":"tel:9136018371","text":"Call Now","selectorHint":"[data-loc=\"client/src/pages/Home.tsx:460\"]"},"x":140,"y":258}}
[2026-03-30T19:40:35.330Z] {"timestamp":1774899519031,"kind":"focusout","url":"https://3000-i71eusj28bqyixy666wha-ade0715d.us2.manus.computer/","viewport":{"width":384,"height":697},"payload":{"target":{"tag":"a","id":null,"name":null,"type":null,"role":null,"ariaLabel":null,"testId":null,"dataLoc":"client/src/pages/Home.tsx:460","href":"tel:9136018371","text":"Call Now","selectorHint":"[data-loc=\"client/src/pages/Home.tsx:460\"]"},"value":null}}
[2026-03-30T19:40:35.332Z] {"timestamp":1774899634849,"kind":"focusin","url":"https://3000-i71eusj28bqyixy666wha-ade0715d.us2.manus.computer/","viewport":{"width":384,"height":697},"payload":{"target":{"tag":"a","id":null,"name":null,"type":null,"role":null,"ariaLabel":null,"testId":null,"dataLoc":"client/src/pages/Home.tsx:460","href":"tel:9136018371","text":"Call Now","selectorHint":"[data-loc=\"client/src/pages/Home.tsx:460\"]"}}}
[2026-03-30T19:40:37.311Z] {"timestamp":1774899636720,"kind":"scroll","url":"https://3000-i71eusj28bqyixy666wha-ade0715d.us2.manus.computer/","viewport":{"width":384,"height":697},"payload":{"scrollX":0,"scrollY":4217.95556640625,"documentHeight":5997,"viewportHeight":697}}
[2026-03-30T19:40:39.295Z] {"timestamp":1774899638593,"kind":"focusout","url":"https://3000-i71eusj28bqyixy666wha-ade0715d.us2.manus.computer/","viewport":{"width":384,"height":697},"payload":{"target":{"tag":"a","id":null,"name":null,"type":null,"role":null,"ariaLabel":null,"testId":null,"dataLoc":"client/src/pages/Home.tsx:460","href":"tel:9136018371","text":"Call Now","selectorHint":"[data-loc=\"client/src/pages/Home.tsx:460\"]"},"value":null}}
[2026-03-30T19:40:39.295Z] {"timestamp":1774899638593,"kind":"focusin","url":"https://3000-i71eusj28bqyixy666wha-ade0715d.us2.manus.computer/","viewport":{"width":384,"height":697},"payload":{"target":{"tag":"div","id":"manus-previewer-root","name":null,"type":null,"role":null,"ariaLabel":null,"testId":null,"dataLoc":null,"href":null,"text":"","selectorHint":"#manus-previewer-root"}}}
[2026-03-30T19:40:39.295Z] {"timestamp":1774899638595,"kind":"click","url":"https://3000-i71eusj28bqyixy666wha-ade0715d.us2.manus.computer/","viewport":{"width":384,"height":697},"payload":{"target":{"tag":"div","id":"manus-previewer-root","name":null,"type":null,"role":null,"ariaLabel":null,"testId":null,"dataLoc":null,"href":null,"text":"","selectorHint":"#manus-previewer-root"},"x":361,"y":673}}
[2026-03-30T19:40:39.295Z] {"timestamp":1774899638603,"kind":"focusout","url":"https://3000-i71eusj28bqyixy666wha-ade0715d.us2.manus.computer/","viewport":{"width":384,"height":697},"payload":{"target":{"tag":"div","id":"manus-previewer-root","name":null,"type":null,"role":null,"ariaLabel":null,"testId":null,"dataLoc":null,"href":null,"text":"","selectorHint":"#manus-previewer-root"},"value":null}}
[2026-03-30T19:40:54.385Z] {"timestamp":1774899651902,"kind":"focusin","url":"https://3000-i71eusj28bqyixy666wha-ade0715d.us2.manus.computer/?from_webdev=1","viewport":{"width":759,"height":859},"payload":{"target":{"tag":"button","id":null,"name":null,"type":null,"role":null,"ariaLabel":"Open menu","testId":null,"dataLoc":"client/src/components/Navbar.tsx:83","href":null,"text":"","selectorHint":"[data-loc=\"client/src/components/Navbar.tsx:83\"]"}}}
[2026-03-30T19:40:54.385Z] {"timestamp":1774899652049,"kind":"click","url":"https://3000-i71eusj28bqyixy666wha-ade0715d.us2.manus.computer/?from_webdev=1","viewport":{"width":759,"height":859},"payload":{"target":{"tag":"svg","id":null,"name":null,"type":null,"role":null,"ariaLabel":null,"testId":null,"dataLoc":"client/src/components/Navbar.tsx:88","href":null,"text":"","selectorHint":"[data-loc=\"client/src/components/Navbar.tsx:88\"]"},"x":656,"y":33}}
[2026-03-30T19:40:58.366Z] {"timestamp":1774899657197,"kind":"focusout","url":"https://3000-i71eusj28bqyixy666wha-ade0715d.us2.manus.computer/?from_webdev=1","viewport":{"width":759,"height":859},"payload":{"target":{"tag":"button","id":null,"name":null,"type":null,"role":null,"ariaLabel":"Open menu","testId":null,"dataLoc":"client/src/components/Navbar.tsx:83","href":null,"text":"","selectorHint":"[data-loc=\"client/src/components/Navbar.tsx:83\"]"},"value":null}}
[2026-03-30T19:40:58.366Z] {"timestamp":1774899657197,"kind":"focusin","url":"https://3000-i71eusj28bqyixy666wha-ade0715d.us2.manus.computer/?from_webdev=1","viewport":{"width":759,"height":859},"payload":{"target":{"tag":"a","id":null,"name":null,"type":null,"role":null,"ariaLabel":null,"testId":null,"dataLoc":"client/src/components/Navbar.tsx:139","href":"mailto:info@tglegacyservices.com","text":"Email Us","selectorHint":"[data-loc=\"client/src/components/Navbar.tsx:139\"]"}}}
[2026-03-30T19:40:58.366Z] {"timestamp":1774899657364,"kind":"click","url":"https://3000-i71eusj28bqyixy666wha-ade0715d.us2.manus.computer/?from_webdev=1","viewport":{"width":759,"height":859},"payload":{"target":{"tag":"a","id":null,"name":null,"type":null,"role":null,"ariaLabel":null,"testId":null,"dataLoc":"client/src/components/Navbar.tsx:139","href":"mailto:info@tglegacyservices.com","text":"Email Us","selectorHint":"[data-loc=\"client/src/components/Navbar.tsx:139\"]"},"x":591,"y":363}}
[2026-03-30T19:40:58.385Z] {"timestamp":1774899657197,"kind":"focusout","url":"https://3000-i71eusj28bqyixy666wha-ade0715d.us2.manus.computer/?from_webdev=1","viewport":{"width":759,"height":859},"payload":{"target":{"tag":"button","id":null,"name":null,"type":null,"role":null,"ariaLabel":"Open menu","testId":null,"dataLoc":"client/src/components/Navbar.tsx:83","href":null,"text":"","selectorHint":"[data-loc=\"client/src/components/Navbar.tsx:83\"]"},"value":null}}
[2026-03-30T19:40:58.385Z] {"timestamp":1774899657197,"kind":"focusin","url":"https://3000-i71eusj28bqyixy666wha-ade0715d.us2.manus.computer/?from_webdev=1","viewport":{"width":759,"height":859},"payload":{"target":{"tag":"a","id":null,"name":null,"type":null,"role":null,"ariaLabel":null,"testId":null,"dataLoc":"client/src/components/Navbar.tsx:139","href":"mailto:info@tglegacyservices.com","text":"Email Us","selectorHint":"[data-loc=\"client/src/components/Navbar.tsx:139\"]"}}}
[2026-03-30T19:40:58.385Z] {"timestamp":1774899657364,"kind":"click","url":"https://3000-i71eusj28bqyixy666wha-ade0715d.us2.manus.computer/?from_webdev=1","viewport":{"width":759,"height":859},"payload":{"target":{"tag":"a","id":null,"name":null,"type":null,"role":null,"ariaLabel":null,"testId":null,"dataLoc":"client/src/components/Navbar.tsx:139","href":"mailto:info@tglegacyservices.com","text":"Email Us","selectorHint":"[data-loc=\"client/src/components/Navbar.tsx:139\"]"},"x":591,"y":363}}
[2026-03-30T19:42:30.390Z] {"timestamp":1774899748375,"kind":"focusout","url":"https://3000-i71eusj28bqyixy666wha-ade0715d.us2.manus.computer/?from_webdev=1","viewport":{"width":759,"height":859},"payload":{"target":{"tag":"a","id":null,"name":null,"type":null,"role":null,"ariaLabel":null,"testId":null,"dataLoc":"client/src/components/Navbar.tsx:139","href":"mailto:info@tglegacyservices.com","text":"Email Us","selectorHint":"[data-loc=\"client/src/components/Navbar.tsx:139\"]"},"value":null}}
